c:\users\duren\source\repos\jpr_centipede\jpr_centipede\debug\vc142.pdb
c:\users\duren\source\repos\jpr_centipede\jpr_centipede\debug\vc142.idb
c:\users\duren\source\repos\jpr_centipede\jpr_centipede\debug\update.obj
c:\users\duren\source\repos\jpr_centipede\jpr_centipede\debug\playerbullet.obj
c:\users\duren\source\repos\jpr_centipede\jpr_centipede\debug\player.obj
c:\users\duren\source\repos\jpr_centipede\jpr_centipede\debug\movingobjectstate.obj
c:\users\duren\source\repos\jpr_centipede\jpr_centipede\debug\movingobject.obj
c:\users\duren\source\repos\jpr_centipede\jpr_centipede\debug\movehorizontalstate.obj
c:\users\duren\source\repos\jpr_centipede\jpr_centipede\debug\main.obj
c:\users\duren\source\repos\jpr_centipede\jpr_centipede\debug\input.obj
c:\users\duren\source\repos\jpr_centipede\jpr_centipede\debug\initialize.obj
c:\users\duren\source\repos\jpr_centipede\jpr_centipede\debug\gameobjectmanager.obj
c:\users\duren\source\repos\jpr_centipede\jpr_centipede\debug\gameobject.obj
c:\users\duren\source\repos\jpr_centipede\jpr_centipede\debug\engine.obj
c:\users\duren\source\repos\jpr_centipede\jpr_centipede\debug\draw.obj
c:\users\duren\source\repos\jpr_centipede\jpr_centipede\debug\destroyableobject.obj
c:\users\duren\source\repos\jpr_centipede\jpr_centipede\debug\bob.obj
c:\users\duren\source\repos\jpr_centipede\jpr_centipede\debug\movingobjectcollision.obj
c:\users\duren\source\repos\jpr_centipede\jpr_centipede\debug\movingobjectupdate.obj
c:\users\duren\source\repos\jpr_centipede\jpr_centipede\debug\centipede.obj
c:\users\duren\source\repos\jpr_centipede\jpr_centipede\debug\centipedeupdate.obj
c:\users\duren\source\repos\jpr_centipede\jpr_centipede\debug\centipedecollision.obj
c:\users\duren\source\repos\jpr_centipede\jpr_centipede\debug\mushroom.obj
c:\users\duren\source\repos\jpr_centipede\jpr_centipede\debug\objectcommand.obj
c:\users\duren\source\repos\jpr_centipede\jpr_centipede\debug\centipedemovecommand.obj
c:\users\duren\source\repos\jpr_centipede\jpr_centipede\debug\objectcontroller.obj
c:\users\duren\source\repos\jpr_centipede\jpr_centipede\debug\centipedemoverightcommand.obj
c:\users\duren\source\repos\jpr_centipede\jpr_centipede\debug\centipedemoveleftcommand.obj
c:\users\duren\source\repos\jpr_centipede\jpr_centipede\debug\centipedecontroller.obj
c:\users\duren\source\repos\jpr_centipede\jpr_centipede\debug\centipedemovedowncommand.obj
c:\users\duren\source\repos\jpr_centipede\jpr_centipede\debug\centipedemoveupcommand.obj
c:\users\duren\source\repos\jpr_centipede\jpr_centipede\debug\centipedecontrollerstate.obj
c:\users\duren\source\repos\jpr_centipede\jpr_centipede\debug\centipedecontrollerneutralstate.obj
c:\users\duren\source\repos\jpr_centipede\jpr_centipede\debug\objectmoveupcommand.obj
c:\users\duren\source\repos\jpr_centipede\jpr_centipede\debug\objectmovedowncommand.obj
c:\users\duren\source\repos\jpr_centipede\jpr_centipede\debug\objectmoverightcommand.obj
c:\users\duren\source\repos\jpr_centipede\jpr_centipede\debug\objectmoveleftcommand.obj
c:\users\duren\source\repos\jpr_centipede\jpr_centipede\debug\playercontroller.obj
c:\users\duren\source\repos\jpr_centipede\debug\jpr_centipede.exe
c:\users\duren\source\repos\jpr_centipede\debug\jpr_centipede.ilk
c:\users\duren\source\repos\jpr_centipede\debug\jpr_centipede.pdb
c:\users\duren\source\repos\jpr_centipede\jpr_centipede\debug\jpr_centipede.tlog\cl.command.1.tlog
c:\users\duren\source\repos\jpr_centipede\jpr_centipede\debug\jpr_centipede.tlog\cl.read.1.tlog
c:\users\duren\source\repos\jpr_centipede\jpr_centipede\debug\jpr_centipede.tlog\cl.write.1.tlog
c:\users\duren\source\repos\jpr_centipede\jpr_centipede\debug\jpr_centipede.tlog\link.command.1.tlog
c:\users\duren\source\repos\jpr_centipede\jpr_centipede\debug\jpr_centipede.tlog\link.read.1.tlog
c:\users\duren\source\repos\jpr_centipede\jpr_centipede\debug\jpr_centipede.tlog\link.write.1.tlog
